<?xml version="1.0" encoding="UTF-8"?>
<!-- Generated by org.testng.reporters.JUnitReportReporter -->
<testsuite skipped="1" hostname="LAPTOP-RNPR9NEP" name="com.seleniumAjioTests.ArrivalsTest" tests="2" failures="0" timestamp="2021-07-30T15:20:45 IST" time="5.047" errors="1">
  <testcase name="arrivaltest" time="0.000" classname="com.seleniumAjioTests.ArrivalsTest">
    <skipped/>
  </testcase> <!-- arrivaltest -->
  <system-out/>
  <testcase name="openbrowser" time="5.047" classname="com.seleniumAjioTests.ArrivalsTest">
    <error type="org.openqa.selenium.SessionNotCreatedException" message="session not created: This version of ChromeDriver only supports Chrome version 90
Current browser version is 92.0.4515.107 with binary path C:\Program Files (x86)\Google\Chrome\Application\chrome.exe
Build info: version: &#039;3.141.59&#039;, revision: &#039;e82be7d358&#039;, time: &#039;2018-11-14T08:17:03&#039;
System info: host: &#039;LAPTOP-RNPR9NEP&#039;, ip: &#039;192.168.56.1&#039;, os.name: &#039;Windows 10&#039;, os.arch: &#039;amd64&#039;, os.version: &#039;10.0&#039;, java.version: &#039;1.8.0_271&#039;
Driver info: driver.version: ChromeDriver
remote stacktrace: Backtrace:
	Ordinal0 [0x00A4C013+2474003]
	Ordinal0 [0x009E29C1+2042305]
	Ordinal0 [0x008F2F68+1060712]
	Ordinal0 [0x0091188E+1185934]
	Ordinal0 [0x0090D600+1168896]
	Ordinal0 [0x0090AA83+1157763]
	Ordinal0 [0x0093A2A2+1352354]
	Ordinal0 [0x00938FAA+1347498]
	Ordinal0 [0x009366DB+1337051]
	Ordinal0 [0x00913427+1192999]
	Ordinal0 [0x009142EE+1196782]
	Ordinal0 [0x00914279+1196665]
	GetHandleVerifier [0x00BD96FC+1590332]
	GetHandleVerifier [0x00C88614+2306900]
	GetHandleVerifier [0x00AD9E93+543699]
	GetHandleVerifier [0x00AD92CE+540686]
	Ordinal0 [0x009E86BA+2066106]
	Ordinal0 [0x009ED1C8+2085320]
	Ordinal0 [0x009ED308+2085640]
	Ordinal0 [0x009F67F3+2123763]
	BaseThreadInitThunk [0x7554FA29+25]
	RtlGetAppContainerNamedObjectPath [0x77007A7E+286]
	RtlGetAppContainerNamedObjectPath [0x77007A4E+238]
">
      <![CDATA[org.openqa.selenium.SessionNotCreatedException: session not created: This version of ChromeDriver only supports Chrome version 90
Current browser version is 92.0.4515.107 with binary path C:\Program Files (x86)\Google\Chrome\Application\chrome.exe
Build info: version: '3.141.59', revision: 'e82be7d358', time: '2018-11-14T08:17:03'
System info: host: 'LAPTOP-RNPR9NEP', ip: '192.168.56.1', os.name: 'Windows 10', os.arch: 'amd64', os.version: '10.0', java.version: '1.8.0_271'
Driver info: driver.version: ChromeDriver
remote stacktrace: Backtrace:
Ordinal0 [0x00A4C013+2474003]
Ordinal0 [0x009E29C1+2042305]
Ordinal0 [0x008F2F68+1060712]
Ordinal0 [0x0091188E+1185934]
Ordinal0 [0x0090D600+1168896]
Ordinal0 [0x0090AA83+1157763]
Ordinal0 [0x0093A2A2+1352354]
Ordinal0 [0x00938FAA+1347498]
Ordinal0 [0x009366DB+1337051]
Ordinal0 [0x00913427+1192999]
Ordinal0 [0x009142EE+1196782]
Ordinal0 [0x00914279+1196665]
GetHandleVerifier [0x00BD96FC+1590332]
GetHandleVerifier [0x00C88614+2306900]
GetHandleVerifier [0x00AD9E93+543699]
GetHandleVerifier [0x00AD92CE+540686]
Ordinal0 [0x009E86BA+2066106]
Ordinal0 [0x009ED1C8+2085320]
Ordinal0 [0x009ED308+2085640]
Ordinal0 [0x009F67F3+2123763]
BaseThreadInitThunk [0x7554FA29+25]
RtlGetAppContainerNamedObjectPath [0x77007A7E+286]
RtlGetAppContainerNamedObjectPath [0x77007A4E+238]

at sun.reflect.NativeConstructorAccessorImpl.newInstance0(Native Method)
at sun.reflect.NativeConstructorAccessorImpl.newInstance(NativeConstructorAccessorImpl.java:62)
at sun.reflect.DelegatingConstructorAccessorImpl.newInstance(DelegatingConstructorAccessorImpl.java:45)
at java.lang.reflect.Constructor.newInstance(Constructor.java:423)
at org.openqa.selenium.remote.W3CHandshakeResponse.lambda$errorHandler$0(W3CHandshakeResponse.java:62)
at org.openqa.selenium.remote.HandshakeResponse.lambda$getResponseFunction$0(HandshakeResponse.java:30)
at org.openqa.selenium.remote.ProtocolHandshake.lambda$createSession$0(ProtocolHandshake.java:126)
at java.util.stream.ReferencePipeline$3$1.accept(ReferencePipeline.java:193)
at java.util.Spliterators$ArraySpliterator.tryAdvance(Spliterators.java:958)
at java.util.stream.ReferencePipeline.forEachWithCancel(ReferencePipeline.java:126)
at java.util.stream.AbstractPipeline.copyIntoWithCancel(AbstractPipeline.java:499)
at java.util.stream.AbstractPipeline.copyInto(AbstractPipeline.java:486)
at java.util.stream.AbstractPipeline.wrapAndCopyInto(AbstractPipeline.java:472)
at java.util.stream.FindOps$FindOp.evaluateSequential(FindOps.java:152)
at java.util.stream.AbstractPipeline.evaluate(AbstractPipeline.java:234)
at java.util.stream.ReferencePipeline.findFirst(ReferencePipeline.java:464)
at org.openqa.selenium.remote.ProtocolHandshake.createSession(ProtocolHandshake.java:128)
at org.openqa.selenium.remote.ProtocolHandshake.createSession(ProtocolHandshake.java:74)
at org.openqa.selenium.remote.HttpCommandExecutor.execute(HttpCommandExecutor.java:136)
at org.openqa.selenium.remote.service.DriverCommandExecutor.execute(DriverCommandExecutor.java:83)
at org.openqa.selenium.remote.RemoteWebDriver.execute(RemoteWebDriver.java:552)
at org.openqa.selenium.remote.RemoteWebDriver.startSession(RemoteWebDriver.java:213)
at org.openqa.selenium.remote.RemoteWebDriver.<init>(RemoteWebDriver.java:131)
at org.openqa.selenium.chrome.ChromeDriver.<init>(ChromeDriver.java:181)
at org.openqa.selenium.chrome.ChromeDriver.<init>(ChromeDriver.java:168)
at org.openqa.selenium.chrome.ChromeDriver.<init>(ChromeDriver.java:157)
at com.AjioSelenium.pages.Browser.openbrowser(Browser.java:28)
at sun.reflect.NativeMethodAccessorImpl.invoke0(Native Method)
at sun.reflect.NativeMethodAccessorImpl.invoke(NativeMethodAccessorImpl.java:62)
at sun.reflect.DelegatingMethodAccessorImpl.invoke(DelegatingMethodAccessorImpl.java:43)
at java.lang.reflect.Method.invoke(Method.java:498)
at org.testng.internal.MethodInvocationHelper.invokeMethod(MethodInvocationHelper.java:132)
at org.testng.internal.MethodInvocationHelper.invokeMethodConsideringTimeout(MethodInvocationHelper.java:61)
at org.testng.internal.ConfigInvoker.invokeConfigurationMethod(ConfigInvoker.java:366)
at org.testng.internal.ConfigInvoker.invokeConfigurations(ConfigInvoker.java:320)
at org.testng.internal.TestMethodWorker.invokeBeforeClassMethods(TestMethodWorker.java:176)
at org.testng.internal.TestMethodWorker.run(TestMethodWorker.java:122)
at java.util.ArrayList.forEach(ArrayList.java:1259)
at org.testng.TestRunner.privateRun(TestRunner.java:764)
at org.testng.TestRunner.run(TestRunner.java:585)
at org.testng.SuiteRunner.runTest(SuiteRunner.java:384)
at org.testng.SuiteRunner.runSequentially(SuiteRunner.java:378)
at org.testng.SuiteRunner.privateRun(SuiteRunner.java:337)
at org.testng.SuiteRunner.run(SuiteRunner.java:286)
at org.testng.SuiteRunnerWorker.runSuite(SuiteRunnerWorker.java:53)
at org.testng.SuiteRunnerWorker.run(SuiteRunnerWorker.java:96)
at org.testng.TestNG.runSuitesSequentially(TestNG.java:1218)
at org.testng.TestNG.runSuitesLocally(TestNG.java:1140)
at org.testng.TestNG.runSuites(TestNG.java:1069)
at org.testng.TestNG.run(TestNG.java:1037)
at org.testng.remote.AbstractRemoteTestNG.run(AbstractRemoteTestNG.java:115)
at org.testng.remote.RemoteTestNG.initAndRun(RemoteTestNG.java:251)
at org.testng.remote.RemoteTestNG.main(RemoteTestNG.java:77)
]]>
    </error>
  </testcase> <!-- openbrowser -->
  <system-out/>
</testsuite> <!-- com.seleniumAjioTests.ArrivalsTest -->
